<?xml version="1.0" encoding="UTF-8"?>
<!-- Generated by org.testng.reporters.JUnitXMLReporter -->
<testsuite ignored="0" hostname="LHR-QA-HIRA1" failures="4" tests="24" name="Test Basics 2" time="34.551" errors="0" timestamp="2022-04-03T01:32:25 PKT">
  <testcase classname="test.flights_test" name="content_type_header_validation" time="0.156"/>
  <testcase classname="test.flights_test" name="invalid_departureFrom_validation" time="2.704">
    <failure type="junit.framework.AssertionFailedError" message="expected:&amp;lt;false&amp;gt; but was:&amp;lt;true&amp;gt;">
      <![CDATA[junit.framework.AssertionFailedError: expected:<false> but was:<true>
at junit.framework.Assert.fail(Assert.java:50)
at junit.framework.Assert.failNotEquals(Assert.java:287)
at junit.framework.Assert.assertEquals(Assert.java:67)
at junit.framework.Assert.assertEquals(Assert.java:147)
at junit.framework.Assert.assertEquals(Assert.java:153)
at test.flights_test.invalid_departureFrom_validation(flights_test.java:176)
at java.base/java.util.ArrayList.forEach(ArrayList.java:1511)
... Removed 27 stack frames]]>
    </failure>
  </testcase> <!-- invalid_departureFrom_validation -->
  <testcase classname="test.flights_test" name="invalid_departureFrom_validation" time="0.756">
    <failure type="junit.framework.AssertionFailedError" message="expected:&amp;lt;false&amp;gt; but was:&amp;lt;true&amp;gt;">
      <![CDATA[junit.framework.AssertionFailedError: expected:<false> but was:<true>
at junit.framework.Assert.fail(Assert.java:50)
at junit.framework.Assert.failNotEquals(Assert.java:287)
at junit.framework.Assert.assertEquals(Assert.java:67)
at junit.framework.Assert.assertEquals(Assert.java:147)
at junit.framework.Assert.assertEquals(Assert.java:153)
at test.flights_test.invalid_departureFrom_validation(flights_test.java:176)
at java.base/java.util.ArrayList.forEach(ArrayList.java:1511)
... Removed 27 stack frames]]>
    </failure>
  </testcase> <!-- invalid_departureFrom_validation -->
  <testcase classname="test.flights_test" name="invalid_departureFrom_validation" time="0.791">
    <failure type="junit.framework.AssertionFailedError" message="expected:&amp;lt;false&amp;gt; but was:&amp;lt;true&amp;gt;">
      <![CDATA[junit.framework.AssertionFailedError: expected:<false> but was:<true>
at junit.framework.Assert.fail(Assert.java:50)
at junit.framework.Assert.failNotEquals(Assert.java:287)
at junit.framework.Assert.assertEquals(Assert.java:67)
at junit.framework.Assert.assertEquals(Assert.java:147)
at junit.framework.Assert.assertEquals(Assert.java:153)
at test.flights_test.invalid_departureFrom_validation(flights_test.java:176)
at java.base/java.util.ArrayList.forEach(ArrayList.java:1511)
... Removed 27 stack frames]]>
    </failure>
  </testcase> <!-- invalid_departureFrom_validation -->
  <testcase classname="test.flights_test" name="invalid_departureFrom_validation" time="1.23">
    <failure type="junit.framework.AssertionFailedError" message="expected:&amp;lt;200&amp;gt; but was:&amp;lt;400&amp;gt;">
      <![CDATA[junit.framework.AssertionFailedError: expected:<200> but was:<400>
at junit.framework.Assert.fail(Assert.java:50)
at junit.framework.Assert.failNotEquals(Assert.java:287)
at junit.framework.Assert.assertEquals(Assert.java:67)
at junit.framework.Assert.assertEquals(Assert.java:199)
at junit.framework.Assert.assertEquals(Assert.java:205)
at test.flights_test.invalid_departureFrom_validation(flights_test.java:169)
at java.base/java.util.ArrayList.forEach(ArrayList.java:1511)
... Removed 27 stack frames]]>
    </failure>
  </testcase> <!-- invalid_departureFrom_validation -->
  <testcase classname="test.flights_test" name="invalid_originID_validation" time="1.32"/>
  <testcase classname="test.flights_test" name="invalid_originID_validation" time="1.34"/>
  <testcase classname="test.flights_test" name="invalid_originID_validation" time="1.316"/>
  <testcase classname="test.flights_test" name="invalid_originID_validation" time="0.684"/>
  <testcase classname="test.flights_test" name="json_schema_validation" time="1.327"/>
  <testcase classname="test.flights_test" name="response_not_null_validation" time="0.008"/>
  <testcase classname="test.flights_test" name="response_time_validation" time="0.004"/>
  <testcase classname="test.flights_test" name="status_code_validation" time="0.002"/>
  <testcase classname="test.flights_test" name="verify_date_format_response" time="0.051"/>
  <testcase classname="test.flights_test" name="verify_price_format_response" time="0.005"/>
  <testcase classname="test.flights_test" name="verify_updatedAt_format_response" time="0.004"/>
  <testcase classname="test.test_hotels" name="content_type_header_validation" time="0.003"/>
  <testcase classname="test.test_hotels" name="json_schema_validation" time="1.38"/>
  <testcase classname="test.test_hotels" name="response_not_null_validation" time="0.025"/>
  <testcase classname="test.test_hotels" name="response_time_validation" time="0.004"/>
  <testcase classname="test.test_hotels" name="status_code_validation" time="0.003"/>
  <testcase classname="test.test_hotels" name="validate_post_not_successful" time="0.656"/>
  <testcase classname="test.test_hotels" name="validate_response_without_token" time="1.378"/>
  <testcase classname="test.test_hotels" name="validate_with_invalid_token" time="1.067"/>
</testsuite> <!-- Test Basics 2 -->
